[debug] [2019-12-27T06:41:30.335Z] ----------------------------------------------------------------------
[debug] [2019-12-27T06:41:30.804Z] Command:       C:\Program Files\nodejs\node.exe C:\Users\bbake\AppData\Roaming\npm\node_modules\firebase-tools\lib\bin\firebase.js serve
[debug] [2019-12-27T06:41:30.804Z] CLI Version:   7.11.0
[debug] [2019-12-27T06:41:30.805Z] Platform:      win32
[debug] [2019-12-27T06:41:30.805Z] Node Version:  v12.13.0
[debug] [2019-12-27T06:41:33.301Z] Time:          Fri Dec 27 2019 12:11:30 GMT+0530 (India Standard Time)
[debug] [2019-12-27T06:41:33.301Z] ----------------------------------------------------------------------
[debug] [2019-12-27T06:41:33.301Z] 
[debug] [2019-12-27T06:41:33.602Z] > command requires scopes: ["email","openid","https://www.googleapis.com/auth/cloudplatformprojects.readonly","https://www.googleapis.com/auth/firebase","https://www.googleapis.com/auth/cloud-platform"]
[debug] [2019-12-27T06:41:33.604Z] > authorizing via signed-in user
[debug] [2019-12-27T06:41:33.605Z] [iam] checking project thewebsite-90faa for permissions ["firebase.projects.get"]
[debug] [2019-12-27T06:41:33.609Z] > refreshing access token with scopes: ["email","https://www.googleapis.com/auth/cloud-platform","https://www.googleapis.com/auth/cloudplatformprojects.readonly","https://www.googleapis.com/auth/firebase","openid"]
[debug] [2019-12-27T06:41:33.609Z] >>> HTTP REQUEST POST https://www.googleapis.com/oauth2/v3/token  
 <request body omitted>
[debug] [2019-12-27T06:41:34.598Z] <<< HTTP RESPONSE 200
[debug] [2019-12-27T06:41:34.822Z] >>> HTTP REQUEST POST https://cloudresourcemanager.googleapis.com/v1/projects/thewebsite-90faa:testIamPermissions  

[debug] [2019-12-27T06:41:36.805Z] <<< HTTP RESPONSE 200
[debug] [2019-12-27T06:41:36.810Z] >>> HTTP REQUEST GET https://firebase.googleapis.com/v1beta1/projects/thewebsite-90faa  
 
[debug] [2019-12-27T06:41:37.444Z] <<< HTTP RESPONSE 200
[info] 
[info] === Serving from 'C:\Projects\Firebase\ProFirebase'...
[info] 
[warn] !  Your requested "node" version "8" doesn't match your global version "12"
[info] +  functions: Emulator started at http://localhost:5000
[info] i  functions: Watching "C:\Projects\Firebase\ProFirebase\functions" for Cloud Functions...
[debug] [2019-12-27T06:41:42.477Z] [worker-pool] addWorker(~diagnostic~)
[debug] [2019-12-27T06:41:42.478Z] [worker-pool] Adding worker with key ~diagnostic~, total=1
[debug] [2019-12-27T06:41:42.479Z] [worker-pool] submitWork(triggerId=)
[debug] [2019-12-27T06:41:42.481Z] [worker-~diagnostic~-1ffc42d0-2daf-4064-8547-eb9fe7624541]: Assigning socketPath: \\?\pipe\C:\Projects\Firebase\ProFirebase\functions\16008
[debug] [2019-12-27T06:41:42.482Z] [worker-~diagnostic~-1ffc42d0-2daf-4064-8547-eb9fe7624541]: BUSY
[debug] [2019-12-27T06:42:17.831Z] [runtime-status] [16008] Functions runtime initialized. {"cwd":"C:\\Projects\\Firebase\\ProFirebase\\functions","node_version":"12.13.0"}
[debug] [2019-12-27T06:42:17.833Z] [runtime-status] [16008] Disabled runtime features: {"functions_config_helper":true,"network_filtering":true,"timeout":true,"memory_limiting":true,"admin_stubs":true,"pubsub_emulator":true}
[debug] [2019-12-27T06:42:18.071Z] [runtime-status] [16008] Resolved module firebase-admin {"declared":true,"installed":true,"version":"8.9.0","resolution":"C:\\Projects\\Firebase\\ProFirebase\\functions\\node_modules\\firebase-admin\\lib\\index.js"}
[debug] [2019-12-27T06:42:18.114Z] [runtime-status] [16008] Resolved module firebase-functions {"declared":true,"installed":true,"version":"3.3.0","resolution":"C:\\Projects\\Firebase\\ProFirebase\\functions\\node_modules\\firebase-functions\\lib\\index.js"}
[debug] [2019-12-27T06:42:18.117Z] [runtime-status] [16008] Resolved module firebase-functions {"declared":true,"installed":true,"version":"3.3.0","resolution":"C:\\Projects\\Firebase\\ProFirebase\\functions\\node_modules\\firebase-functions\\lib\\index.js"}
[info] +  functions[add_event]: http function initialized (http://localhost:5000/thewebsite-90faa/us-central1/add_event).
[debug] [2019-12-27T06:42:38.708Z] [worker-~diagnostic~-1ffc42d0-2daf-4064-8547-eb9fe7624541]: IDLE
[debug] [2019-12-27T06:45:35.524Z] [work-queue] {"queueLength":1,"workRunningCount":0}
[debug] [2019-12-27T06:45:35.525Z] [work-queue] {"queueLength":0,"workRunningCount":1}
[debug] [2019-12-27T06:45:35.525Z] Accepted request GET /thewebsite-90faa/us-central1/add_event --> add_event
[debug] [2019-12-27T06:45:35.536Z] [worker-pool] addWorker(add_event)
[debug] [2019-12-27T06:45:35.537Z] [worker-pool] Adding worker with key add_event, total=1
[debug] [2019-12-27T06:45:35.537Z] [worker-pool] submitWork(triggerId=add_event)
[debug] [2019-12-27T06:45:35.537Z] [worker-add_event-c03f32e6-5d49-4175-8d3b-a15410e6f474]: Assigning socketPath: \\?\pipe\C:\Projects\Firebase\ProFirebase\functions\568
[debug] [2019-12-27T06:45:35.537Z] [worker-add_event-c03f32e6-5d49-4175-8d3b-a15410e6f474]: BUSY
[debug] [2019-12-27T06:45:38.199Z] [runtime-status] [568] Functions runtime initialized. {"cwd":"C:\\Projects\\Firebase\\ProFirebase\\functions","node_version":"12.13.0"}
[debug] [2019-12-27T06:45:38.202Z] [runtime-status] [568] Disabled runtime features: {"functions_config_helper":true,"network_filtering":true,"timeout":true,"memory_limiting":true,"admin_stubs":true,"pubsub_emulator":true}
[debug] [2019-12-27T06:45:38.217Z] [runtime-status] [568] Resolved module firebase-admin {"declared":true,"installed":true,"version":"8.9.0","resolution":"C:\\Projects\\Firebase\\ProFirebase\\functions\\node_modules\\firebase-admin\\lib\\index.js"}
[debug] [2019-12-27T06:45:38.226Z] [runtime-status] [568] Resolved module firebase-functions {"declared":true,"installed":true,"version":"3.3.0","resolution":"C:\\Projects\\Firebase\\ProFirebase\\functions\\node_modules\\firebase-functions\\lib\\index.js"}
[debug] [2019-12-27T06:45:38.228Z] [runtime-status] [568] Resolved module firebase-functions {"declared":true,"installed":true,"version":"3.3.0","resolution":"C:\\Projects\\Firebase\\ProFirebase\\functions\\node_modules\\firebase-functions\\lib\\index.js"}
[debug] [2019-12-27T06:45:38.853Z] [runtime-status] [568] Trigger "add_event" has been found, beginning invocation!
[info] i  functions: Beginning execution of "add_event"
[debug] [2019-12-27T06:45:38.857Z] [runtime-status] [568] triggerDefinition {"httpsTrigger":{},"name":"add_event","entryPoint":"add_event"}
[debug] [2019-12-27T06:45:38.857Z] [runtime-status] [568] Running add_event in mode HTTPS
[debug] [2019-12-27T06:45:38.936Z] [runtime-status] [568] Attempting to listen to socketPath: \\?\pipe\C:\Projects\Firebase\ProFirebase\functions\568
[debug] [2019-12-27T06:45:38.978Z] [functions] Runtime ready! Sending request!
[debug] [2019-12-27T06:45:38.997Z] [runtime-status] [568] Ephemeral server handling GET request
[info] >  undefined
[debug] [2019-12-27T06:45:39.056Z] [runtime-status] [568] Ephemeral server survived.
[warn] !  functions: Error: Value for argument "seconds" is not a valid integer.
    at Object.validateInteger (C:\Projects\Firebase\ProFirebase\functions\node_modules\@google-cloud\firestore\build\src\validate.js:207:19)
    at new Timestamp (C:\Projects\Firebase\ProFirebase\functions\node_modules\@google-cloud\firestore\build\src\timestamp.js:54:20)
    at Function.fromMillis (C:\Projects\Firebase\ProFirebase\functions\node_modules\@google-cloud\firestore\build\src\timestamp.js:107:16)
    at Function.fromDate (C:\Projects\Firebase\ProFirebase\functions\node_modules\@google-cloud\firestore\build\src\timestamp.js:89:26)
    at C:\Projects\Firebase\ProFirebase\functions\lib\index.js:16:25
    at C:\Users\bbake\AppData\Roaming\npm\node_modules\firebase-tools\lib\emulator\functionsEmulatorRuntime.js:621:20
    at C:\Users\bbake\AppData\Roaming\npm\node_modules\firebase-tools\lib\emulator\functionsEmulatorRuntime.js:596:19
    at Generator.next (<anonymous>)
    at C:\Users\bbake\AppData\Roaming\npm\node_modules\firebase-tools\lib\emulator\functionsEmulatorRuntime.js:7:71
    at new Promise (<anonymous>)
[warn] !  Your function was killed because it raised an unhandled error.
[debug] [2019-12-27T06:45:39.291Z] [worker-add_event-c03f32e6-5d49-4175-8d3b-a15410e6f474]: exited
[debug] [2019-12-27T06:45:39.291Z] [worker-add_event-c03f32e6-5d49-4175-8d3b-a15410e6f474]: FINISHED
[debug] [2019-12-27T06:45:39.291Z] [work-queue] {"queueLength":0,"workRunningCount":0}
[debug] [2019-12-27T06:45:58.813Z] [work-queue] {"queueLength":1,"workRunningCount":0}
[debug] [2019-12-27T06:45:58.814Z] [work-queue] {"queueLength":0,"workRunningCount":1}
[debug] [2019-12-27T06:45:58.814Z] Accepted request GET /thewebsite-90faa/us-central1/get_all_events --> get_all_events
[debug] [2019-12-27T06:45:58.815Z] [worker-pool] Cleaned up workers for add_event: 1 --> 0
[debug] [2019-12-27T06:45:58.827Z] [worker-pool] addWorker(get_all_events)
[debug] [2019-12-27T06:45:58.827Z] [worker-pool] Adding worker with key get_all_events, total=1
[debug] [2019-12-27T06:45:58.827Z] [worker-pool] submitWork(triggerId=get_all_events)
[debug] [2019-12-27T06:45:58.827Z] [worker-get_all_events-a0a1cfca-0037-48b9-8afa-f5e5df688cc2]: Assigning socketPath: \\?\pipe\C:\Projects\Firebase\ProFirebase\functions\3836
[debug] [2019-12-27T06:45:58.828Z] [worker-get_all_events-a0a1cfca-0037-48b9-8afa-f5e5df688cc2]: BUSY
[debug] [2019-12-27T06:46:00.324Z] [runtime-status] [3836] Functions runtime initialized. {"cwd":"C:\\Projects\\Firebase\\ProFirebase\\functions","node_version":"12.13.0"}
[debug] [2019-12-27T06:46:00.327Z] [runtime-status] [3836] Disabled runtime features: {"functions_config_helper":true,"network_filtering":true,"timeout":true,"memory_limiting":true,"admin_stubs":true,"pubsub_emulator":true}
[debug] [2019-12-27T06:46:00.336Z] [runtime-status] [3836] Resolved module firebase-admin {"declared":true,"installed":true,"version":"8.9.0","resolution":"C:\\Projects\\Firebase\\ProFirebase\\functions\\node_modules\\firebase-admin\\lib\\index.js"}
[debug] [2019-12-27T06:46:00.343Z] [runtime-status] [3836] Resolved module firebase-functions {"declared":true,"installed":true,"version":"3.3.0","resolution":"C:\\Projects\\Firebase\\ProFirebase\\functions\\node_modules\\firebase-functions\\lib\\index.js"}
[debug] [2019-12-27T06:46:00.345Z] [runtime-status] [3836] Resolved module firebase-functions {"declared":true,"installed":true,"version":"3.3.0","resolution":"C:\\Projects\\Firebase\\ProFirebase\\functions\\node_modules\\firebase-functions\\lib\\index.js"}
[warn] !  functions: Could not find trigger "get_all_events" in your functions directory.
[warn] !  Your function was killed because it raised an unhandled error.
[info] i  functions: Beginning execution of "get_all_events"
[warn] !  functions: TypeError: Cannot read property 'definition' of undefined
    at C:\Users\bbake\AppData\Roaming\npm\node_modules\firebase-tools\lib\emulator\functionsEmulatorRuntime.js:657:47
    at Generator.next (<anonymous>)
    at C:\Users\bbake\AppData\Roaming\npm\node_modules\firebase-tools\lib\emulator\functionsEmulatorRuntime.js:7:71
    at new Promise (<anonymous>)
    at __awaiter (C:\Users\bbake\AppData\Roaming\npm\node_modules\firebase-tools\lib\emulator\functionsEmulatorRuntime.js:3:12)
    at invokeTrigger (C:\Users\bbake\AppData\Roaming\npm\node_modules\firebase-tools\lib\emulator\functionsEmulatorRuntime.js:649:12)
    at C:\Users\bbake\AppData\Roaming\npm\node_modules\firebase-tools\lib\emulator\functionsEmulatorRuntime.js:773:19
    at Generator.next (<anonymous>)
    at fulfilled (C:\Users\bbake\AppData\Roaming\npm\node_modules\firebase-tools\lib\emulator\functionsEmulatorRuntime.js:4:58)
    at processTicksAndRejections (internal/process/task_queues.js:93:5)
[debug] [2019-12-27T06:46:01.205Z] Error [ERR_HTTP_HEADERS_SENT]: Cannot set headers after they are sent to the client
    at ServerResponse.setHeader (_http_outgoing.js:485:11)
    at ServerResponse.header (C:\Users\bbake\AppData\Roaming\npm\node_modules\firebase-tools\node_modules\express\lib\response.js:771:10)
    at ServerResponse.send (C:\Users\bbake\AppData\Roaming\npm\node_modules\firebase-tools\node_modules\express\lib\response.js:170:12)
    at EventEmitter.<anonymous> (C:\Users\bbake\AppData\Roaming\npm\node_modules\firebase-tools\lib\emulator\functionsEmulator.js:430:37)
    at EventEmitter.emit (events.js:215:7)
    at EventEmitter.emit (domain.js:476:20)
    at C:\Users\bbake\AppData\Roaming\npm\node_modules\firebase-tools\lib\emulator\functionsEmulator.js:493:25
    at Array.forEach (<anonymous>)
    at FunctionsEmulator.onData (C:\Users\bbake\AppData\Roaming\npm\node_modules\firebase-tools\lib\emulator\functionsEmulator.js:491:32)
    at ChildProcess.<anonymous> (C:\Users\bbake\AppData\Roaming\npm\node_modules\firebase-tools\lib\emulator\functionsEmulator.js:370:18)
    at ChildProcess.emit (events.js:210:5)
    at ChildProcess.EventEmitter.emit (domain.js:476:20)
    at ChildProcess.cp.emit (C:\Users\bbake\AppData\Roaming\npm\node_modules\firebase-tools\node_modules\cross-spawn\lib\enoent.js:40:29)
    at emit (internal/child_process.js:876:12)
    at processTicksAndRejections (internal/process/task_queues.js:81:21)
[error] 
[error] Error: An unexpected error has occurred.
[debug] [2019-12-27T06:46:01.222Z] [worker-get_all_events-a0a1cfca-0037-48b9-8afa-f5e5df688cc2]: exited
[debug] [2019-12-27T06:46:01.222Z] [worker-get_all_events-a0a1cfca-0037-48b9-8afa-f5e5df688cc2]: FINISHED
